<?xml version="1.0" encoding="UTF-8"?>
<!-- Generated by org.testng.reporters.JUnitReportReporter -->
<testsuite hostname="LTIN410084" failures="0" tests="1" name="base.Logging" time="0.015" errors="0" timestamp="2022-11-17T18:28:41 IST" skipped="0">
  <testcase classname="base.Logging" name="main" time="0.015"/>
  <system-out/>
</testsuite> <!-- base.Logging -->
