<?xml version="1.0" encoding="UTF-8"?>
<!-- Generated by org.testng.reporters.JUnitReportReporter -->
<testsuite hostname="LTIN410084" failures="0" tests="1" name="utils.Mytest" time="0.006" errors="0" timestamp="2022-10-19T13:23:45 IST" skipped="0">
  <testcase classname="utils.Mytest" name="test" time="0.006"/>
  <system-out/>
</testsuite> <!-- utils.Mytest -->
